<?xml version="1.0" encoding="UTF-8"?>
<testng-results skipped="0" failed="0" ignored="0" total="1" passed="1">
  <reporter-output>
  </reporter-output>
  <suite name="Default suite" duration-ms="15961" started-at="2019-06-06T14:45:42Z" finished-at="2019-06-06T14:45:57Z">
    <groups>
    </groups>
    <test name="Default test" duration-ms="15961" started-at="2019-06-06T14:45:42Z" finished-at="2019-06-06T14:45:57Z">
      <class name="FacebookSignUp.SignUp">
        <test-method status="PASS" signature="beforeTest()[pri:0, instance:FacebookSignUp.SignUp@29ee9faa]" name="beforeTest" is-config="true" duration-ms="6203" started-at="2019-06-07T00:45:42Z" finished-at="2019-06-07T00:45:48Z">
          <reporter-output>
          </reporter-output>
        </test-method> <!-- beforeTest -->
        <test-method status="PASS" signature="signUp()[pri:0, instance:FacebookSignUp.SignUp@29ee9faa]" name="signUp" duration-ms="8277" started-at="2019-06-07T00:45:48Z" finished-at="2019-06-07T00:45:56Z">
          <reporter-output>
          </reporter-output>
        </test-method> <!-- signUp -->
        <test-method status="PASS" signature="afterTest()[pri:0, instance:FacebookSignUp.SignUp@29ee9faa]" name="afterTest" is-config="true" duration-ms="1461" started-at="2019-06-07T00:45:56Z" finished-at="2019-06-07T00:45:57Z">
          <reporter-output>
          </reporter-output>
        </test-method> <!-- afterTest -->
      </class> <!-- FacebookSignUp.SignUp -->
    </test> <!-- Default test -->
  </suite> <!-- Default suite -->
</testng-results>
